<?xml version="1.0" encoding="UTF-8"?>
<!-- Generated by org.testng.reporters.JUnitXMLReporter -->
<testsuite hostname="LAPTOP-BQDQ1OH6" ignored="0" name="Pending leave Request TestCases" tests="2" failures="0" timestamp="2020-05-05T16:01:18 IST" time="3.597" errors="0">
  <testcase name="login" time="1.802" classname="TestCases.Test_Pending_Leave_Request"/>
  <testcase name="verifyleavependingtext" time="1.198" classname="TestCases.Test_Pending_Leave_Request"/>
</testsuite> <!-- Pending leave Request TestCases -->
