<?xml version="1.0" encoding="UTF-8"?>
<!-- Generated by org.testng.reporters.JUnitXMLReporter -->
<testsuite hostname="LAPTOP-BQDQ1OH6" ignored="2" name="Check user role testcases" tests="2" failures="0" timestamp="2020-05-05T15:52:13 IST" time="3.339" errors="0">
  <testcase name="checkuserrole" time="2.208" classname="TestCases.Test_user_role"/>
  <testcase name="Logouttestcase" time="1.124" classname="TestCases.Logout_Testcases"/>
  <testcase name="@AfterSuite tearDown" time="0.0" classname="CommonFunctions.CommonFunction">
    <ignored/>
  </testcase> <!-- @AfterSuite tearDown -->
  <testcase name="@BeforeSuite LaunchBrowser" time="0.0" classname="CommonFunctions.CommonFunction">
    <ignored/>
  </testcase> <!-- @BeforeSuite LaunchBrowser -->
</testsuite> <!-- Check user role testcases -->
